[1222/210115.773:ERROR:process_reader_win.cc(151)] SuspendThread: Access is denied. (0x5)
[1222/210115.776:ERROR:exception_snapshot_win.cc(99)] thread ID 408 not found in process
[1222/210115.788:ERROR:process_reader_win.cc(151)] SuspendThread: Access is denied. (0x5)
[1222/210115.793:ERROR:file_io_win.cc(162)] CreateFile C:\Users\UMFFAM~1\AppData\Local\Temp\puppeteer_dev_chrome_profile-3464wh\Crashpad\settings.dat: The system cannot find the path specified. (0x3)
[1222/210115.794:ERROR:file_io_win.cc(171)] CreateFile C:\Users\UMFFAM~1\AppData\Local\Temp\puppeteer_dev_chrome_profile-3464wh\Crashpad\reports\f6ac3794-c12d-40cd-ba0b-63580ec8694b.dmp: The system cannot find the path specified. (0x3)
[1222/210115.794:ERROR:crash_report_exception_handler.cc(99)] PrepareNewCrashReport failed
[1222/210520.528:ERROR:process_reader_win.cc(151)] SuspendThread: Access is denied. (0x5)
[1222/210520.533:ERROR:file_io_win.cc(162)] CreateFile C:\Users\UMFFAM~1\AppData\Local\Temp\puppeteer_dev_chrome_profile-bV8LmE\Crashpad\settings.dat: The system cannot find the path specified. (0x3)
[1222/210520.534:ERROR:file_io_win.cc(171)] CreateFile C:\Users\UMFFAM~1\AppData\Local\Temp\puppeteer_dev_chrome_profile-bV8LmE\Crashpad\reports\b9e08aac-2020-44fd-921c-f0feb5564fbd.dmp: The system cannot find the path specified. (0x3)
[1222/210520.534:ERROR:crash_report_exception_handler.cc(99)] PrepareNewCrashReport failed
[1222/210617.003:ERROR:process_reader_win.cc(151)] SuspendThread: Access is denied. (0x5)
[1222/210617.009:ERROR:file_io_win.cc(162)] CreateFile C:\Users\UMFFAM~1\AppData\Local\Temp\puppeteer_dev_chrome_profile-57dRCU\Crashpad\settings.dat: The system cannot find the path specified. (0x3)
[1222/210617.009:ERROR:file_io_win.cc(171)] CreateFile C:\Users\UMFFAM~1\AppData\Local\Temp\puppeteer_dev_chrome_profile-57dRCU\Crashpad\reports\73341db1-3952-4588-999d-cec78432d8f0.dmp: The system cannot find the path specified. (0x3)
[1222/210617.009:ERROR:crash_report_exception_handler.cc(99)] PrepareNewCrashReport failed
[1222/211041.511:ERROR:file_io_win.cc(162)] CreateFile C:\Users\UMFFAM~1\AppData\Local\Temp\puppeteer_dev_chrome_profile-imjIW8\Crashpad\settings.dat: The system cannot find the path specified. (0x3)
[1222/211041.512:ERROR:file_io_win.cc(171)] CreateFile C:\Users\UMFFAM~1\AppData\Local\Temp\puppeteer_dev_chrome_profile-imjIW8\Crashpad\reports\aa25812c-a9d5-42db-9648-4b73f9ca1bc7.dmp: The system cannot find the path specified. (0x3)
[1222/211041.512:ERROR:crash_report_exception_handler.cc(99)] PrepareNewCrashReport failed
[1222/211358.036:ERROR:process_reader_win.cc(151)] SuspendThread: Access is denied. (0x5)
[1222/211358.037:ERROR:process_reader_win.cc(151)] SuspendThread: Access is denied. (0x5)
[1222/211358.037:ERROR:process_reader_win.cc(151)] SuspendThread: Access is denied. (0x5)
[1222/211358.037:ERROR:process_reader_win.cc(151)] SuspendThread: Access is denied. (0x5)
[1222/211358.041:ERROR:file_io_win.cc(162)] CreateFile C:\Users\UMFFAM~1\AppData\Local\Temp\puppeteer_dev_chrome_profile-6HuIx9\Crashpad\settings.dat: The system cannot find the path specified. (0x3)
[1222/211358.041:ERROR:file_io_win.cc(171)] CreateFile C:\Users\UMFFAM~1\AppData\Local\Temp\puppeteer_dev_chrome_profile-6HuIx9\Crashpad\reports\747aa128-2cdb-4f5b-999b-6f09b95d7fc7.dmp: The system cannot find the path specified. (0x3)
[1222/211358.041:ERROR:crash_report_exception_handler.cc(99)] PrepareNewCrashReport failed
[1222/214939.886:ERROR:process_reader_win.cc(151)] SuspendThread: Access is denied. (0x5)
[1222/214939.893:ERROR:file_io_win.cc(162)] CreateFile C:\Users\UMFFAM~1\AppData\Local\Temp\puppeteer_dev_chrome_profile-wpR7Us\Crashpad\settings.dat: The system cannot find the path specified. (0x3)
[1222/214939.893:ERROR:file_io_win.cc(171)] CreateFile C:\Users\UMFFAM~1\AppData\Local\Temp\puppeteer_dev_chrome_profile-wpR7Us\Crashpad\reports\b893c7a3-6f26-46b7-a964-ebe577fa7102.dmp: The system cannot find the path specified. (0x3)
[1222/214939.894:ERROR:crash_report_exception_handler.cc(99)] PrepareNewCrashReport failed
[1222/214939.911:ERROR:process_reader_win.cc(151)] SuspendThread: Access is denied. (0x5)
[1222/214939.911:ERROR:process_reader_win.cc(151)] SuspendThread: Access is denied. (0x5)
[1222/214939.911:ERROR:process_reader_win.cc(151)] SuspendThread: Access is denied. (0x5)
[1222/214939.911:ERROR:process_reader_win.cc(151)] SuspendThread: Access is denied. (0x5)
[1222/214939.914:ERROR:file_io_win.cc(162)] CreateFile C:\Users\UMFFAM~1\AppData\Local\Temp\puppeteer_dev_chrome_profile-wpR7Us\Crashpad\settings.dat: The system cannot find the path specified. (0x3)
[1222/214939.915:ERROR:file_io_win.cc(171)] CreateFile C:\Users\UMFFAM~1\AppData\Local\Temp\puppeteer_dev_chrome_profile-wpR7Us\Crashpad\reports\8eef68bb-86ec-443c-b182-f78d0ab1b3f3.dmp: The system cannot find the path specified. (0x3)
[1222/214939.915:ERROR:crash_report_exception_handler.cc(99)] PrepareNewCrashReport failed
[1222/215219.882:ERROR:file_io_win.cc(162)] CreateFile C:\Users\UMFFAM~1\AppData\Local\Temp\puppeteer_dev_chrome_profile-C0L1L1\Crashpad\settings.dat: The system cannot find the path specified. (0x3)
[1222/215219.883:ERROR:file_io_win.cc(171)] CreateFile C:\Users\UMFFAM~1\AppData\Local\Temp\puppeteer_dev_chrome_profile-C0L1L1\Crashpad\reports\73bfd668-f7da-4047-bb54-268ec41e4a27.dmp: The system cannot find the path specified. (0x3)
[1222/215219.883:ERROR:crash_report_exception_handler.cc(99)] PrepareNewCrashReport failed
[1222/215419.679:ERROR:process_reader_win.cc(151)] SuspendThread: Access is denied. (0x5)
[1222/215419.685:ERROR:file_io_win.cc(162)] CreateFile C:\Users\UMFFAM~1\AppData\Local\Temp\puppeteer_dev_chrome_profile-3O0EBO\Crashpad\settings.dat: The system cannot find the path specified. (0x3)
[1222/215419.685:ERROR:file_io_win.cc(171)] CreateFile C:\Users\UMFFAM~1\AppData\Local\Temp\puppeteer_dev_chrome_profile-3O0EBO\Crashpad\reports\cbe909d2-9570-40df-9ef4-19ff19e52bf3.dmp: The system cannot find the path specified. (0x3)
[1222/215419.685:ERROR:crash_report_exception_handler.cc(99)] PrepareNewCrashReport failed
[1222/215938.849:ERROR:process_reader_win.cc(151)] SuspendThread: Access is denied. (0x5)
[1222/215938.854:ERROR:file_io_win.cc(162)] CreateFile C:\Users\UMFFAM~1\AppData\Local\Temp\puppeteer_dev_chrome_profile-9rz6YV\Crashpad\settings.dat: The system cannot find the path specified. (0x3)
[1222/215938.854:ERROR:file_io_win.cc(171)] CreateFile C:\Users\UMFFAM~1\AppData\Local\Temp\puppeteer_dev_chrome_profile-9rz6YV\Crashpad\reports\d8f39324-967f-4def-8113-48c01da5818b.dmp: The system cannot find the path specified. (0x3)
[1222/215938.854:ERROR:crash_report_exception_handler.cc(99)] PrepareNewCrashReport failed
[1223/082639.868:ERROR:directory_reader_win.cc(43)] FindFirstFile: The system cannot find the path specified. (0x3)
[1223/082915.472:ERROR:file_io_win.cc(162)] CreateFile C:\Users\UMFFAM~1\AppData\Local\Temp\puppeteer_dev_chrome_profile-bfCaBU\Crashpad\settings.dat: The system cannot find the path specified. (0x3)
[1223/082915.472:ERROR:file_io_win.cc(171)] CreateFile C:\Users\UMFFAM~1\AppData\Local\Temp\puppeteer_dev_chrome_profile-bfCaBU\Crashpad\reports\e295c2ae-a8ef-458c-85c6-81b3a971ab61.dmp: The system cannot find the path specified. (0x3)
[1223/082915.472:ERROR:crash_report_exception_handler.cc(99)] PrepareNewCrashReport failed
[1223/083117.949:ERROR:process_reader_win.cc(151)] SuspendThread: Access is denied. (0x5)
[1223/083117.954:ERROR:file_io_win.cc(162)] CreateFile C:\Users\UMFFAM~1\AppData\Local\Temp\puppeteer_dev_chrome_profile-j9rLCc\Crashpad\settings.dat: The system cannot find the path specified. (0x3)
[1223/083117.954:ERROR:file_io_win.cc(171)] CreateFile C:\Users\UMFFAM~1\AppData\Local\Temp\puppeteer_dev_chrome_profile-j9rLCc\Crashpad\reports\5f24b562-e7da-4427-a7eb-dbae5f2c50da.dmp: The system cannot find the path specified. (0x3)
[1223/083117.954:ERROR:crash_report_exception_handler.cc(99)] PrepareNewCrashReport failed
[1223/084127.242:ERROR:directory_reader_win.cc(43)] FindFirstFile: The system cannot find the path specified. (0x3)
[1223/090047.626:ERROR:file_io_win.cc(162)] CreateFile C:\Users\UMFFAM~1\AppData\Local\Temp\puppeteer_dev_chrome_profile-CpQQAl\Crashpad\settings.dat: The system cannot find the path specified. (0x3)
[1223/090047.626:ERROR:file_io_win.cc(171)] CreateFile C:\Users\UMFFAM~1\AppData\Local\Temp\puppeteer_dev_chrome_profile-CpQQAl\Crashpad\reports\67e57f21-7737-45e9-bcec-1b0b1155aa01.dmp: The system cannot find the path specified. (0x3)
[1223/090047.626:ERROR:crash_report_exception_handler.cc(99)] PrepareNewCrashReport failed
[1223/091035.402:ERROR:process_reader_win.cc(151)] SuspendThread: Access is denied. (0x5)
[1223/091035.407:ERROR:file_io_win.cc(162)] CreateFile C:\Users\UMFFAM~1\AppData\Local\Temp\puppeteer_dev_chrome_profile-DdrEeQ\Crashpad\settings.dat: The system cannot find the path specified. (0x3)
[1223/091035.407:ERROR:file_io_win.cc(171)] CreateFile C:\Users\UMFFAM~1\AppData\Local\Temp\puppeteer_dev_chrome_profile-DdrEeQ\Crashpad\reports\9c248a80-7980-45f5-b1f6-4aff45eea1a0.dmp: The system cannot find the path specified. (0x3)
[1223/091035.407:ERROR:crash_report_exception_handler.cc(99)] PrepareNewCrashReport failed
[1223/092003.605:ERROR:file_io_win.cc(162)] CreateFile C:\Users\UMFFAM~1\AppData\Local\Temp\puppeteer_dev_chrome_profile-KaBK1z\Crashpad\settings.dat: The system cannot find the path specified. (0x3)
[1223/092003.606:ERROR:file_io_win.cc(171)] CreateFile C:\Users\UMFFAM~1\AppData\Local\Temp\puppeteer_dev_chrome_profile-KaBK1z\Crashpad\reports\39883220-cef0-4c3b-abff-e938355b5451.dmp: The system cannot find the path specified. (0x3)
[1223/092003.606:ERROR:crash_report_exception_handler.cc(99)] PrepareNewCrashReport failed
[1223/093551.685:ERROR:directory_reader_win.cc(43)] FindFirstFile: The system cannot find the path specified. (0x3)
[1223/093647.443:ERROR:process_reader_win.cc(151)] SuspendThread: Access is denied. (0x5)
[1223/093647.447:ERROR:file_io_win.cc(162)] CreateFile C:\Users\UMFFAM~1\AppData\Local\Temp\puppeteer_dev_chrome_profile-32jI6e\Crashpad\settings.dat: The system cannot find the path specified. (0x3)
[1223/093647.447:ERROR:file_io_win.cc(171)] CreateFile C:\Users\UMFFAM~1\AppData\Local\Temp\puppeteer_dev_chrome_profile-32jI6e\Crashpad\reports\64e0d0fa-1844-4e88-8252-52cbae678427.dmp: The system cannot find the path specified. (0x3)
[1223/093647.447:ERROR:crash_report_exception_handler.cc(99)] PrepareNewCrashReport failed
[1223/094657.596:ERROR:directory_reader_win.cc(43)] FindFirstFile: The system cannot find the path specified. (0x3)
[1223/095919.713:ERROR:process_reader_win.cc(151)] SuspendThread: Access is denied. (0x5)
[1223/095919.717:ERROR:file_io_win.cc(162)] CreateFile C:\Users\UMFFAM~1\AppData\Local\Temp\puppeteer_dev_chrome_profile-HUamac\Crashpad\settings.dat: The system cannot find the path specified. (0x3)
[1223/095919.717:ERROR:file_io_win.cc(171)] CreateFile C:\Users\UMFFAM~1\AppData\Local\Temp\puppeteer_dev_chrome_profile-HUamac\Crashpad\reports\11eeab53-763d-4f85-b442-819f23757451.dmp: The system cannot find the path specified. (0x3)
[1223/095919.717:ERROR:crash_report_exception_handler.cc(99)] PrepareNewCrashReport failed
[1223/100605.581:ERROR:process_reader_win.cc(151)] SuspendThread: Access is denied. (0x5)
[1223/100605.585:ERROR:file_io_win.cc(162)] CreateFile C:\Users\UMFFAM~1\AppData\Local\Temp\puppeteer_dev_chrome_profile-QOkumB\Crashpad\settings.dat: The system cannot find the path specified. (0x3)
[1223/100605.586:ERROR:file_io_win.cc(171)] CreateFile C:\Users\UMFFAM~1\AppData\Local\Temp\puppeteer_dev_chrome_profile-QOkumB\Crashpad\reports\412de7b5-7903-4446-a3cd-8b98e0271137.dmp: The system cannot find the path specified. (0x3)
[1223/100605.586:ERROR:crash_report_exception_handler.cc(99)] PrepareNewCrashReport failed
[1223/101519.613:ERROR:process_reader_win.cc(151)] SuspendThread: Access is denied. (0x5)
[1223/101519.619:ERROR:file_io_win.cc(162)] CreateFile C:\Users\UMFFAM~1\AppData\Local\Temp\puppeteer_dev_chrome_profile-yXcRgm\Crashpad\settings.dat: The system cannot find the path specified. (0x3)
[1223/101519.620:ERROR:file_io_win.cc(171)] CreateFile C:\Users\UMFFAM~1\AppData\Local\Temp\puppeteer_dev_chrome_profile-yXcRgm\Crashpad\reports\7182079d-4b94-42d9-bdc9-d76f6d53b14d.dmp: The system cannot find the path specified. (0x3)
[1223/101519.620:ERROR:crash_report_exception_handler.cc(99)] PrepareNewCrashReport failed
[1223/101710.528:ERROR:process_reader_win.cc(151)] SuspendThread: Access is denied. (0x5)
[1223/101710.532:ERROR:file_io_win.cc(162)] CreateFile C:\Users\UMFFAM~1\AppData\Local\Temp\puppeteer_dev_chrome_profile-X8u3Hm\Crashpad\settings.dat: The system cannot find the path specified. (0x3)
[1223/101710.533:ERROR:file_io_win.cc(171)] CreateFile C:\Users\UMFFAM~1\AppData\Local\Temp\puppeteer_dev_chrome_profile-X8u3Hm\Crashpad\reports\0d2c0f19-c3db-41a5-9afe-074c229419d2.dmp: The system cannot find the path specified. (0x3)
[1223/101710.533:ERROR:crash_report_exception_handler.cc(99)] PrepareNewCrashReport failed
[1223/101816.789:ERROR:process_reader_win.cc(151)] SuspendThread: Access is denied. (0x5)
[1223/101816.795:ERROR:file_io_win.cc(162)] CreateFile C:\Users\UMFFAM~1\AppData\Local\Temp\puppeteer_dev_chrome_profile-uyaazS\Crashpad\settings.dat: The system cannot find the path specified. (0x3)
[1223/101816.795:ERROR:file_io_win.cc(171)] CreateFile C:\Users\UMFFAM~1\AppData\Local\Temp\puppeteer_dev_chrome_profile-uyaazS\Crashpad\reports\62a03296-7dc0-4e16-9b35-b1b44a099d40.dmp: The system cannot find the path specified. (0x3)
[1223/101816.795:ERROR:crash_report_exception_handler.cc(99)] PrepareNewCrashReport failed
[1223/101930.213:ERROR:process_reader_win.cc(151)] SuspendThread: Access is denied. (0x5)
[1223/101930.218:ERROR:file_io_win.cc(162)] CreateFile C:\Users\UMFFAM~1\AppData\Local\Temp\puppeteer_dev_chrome_profile-s3999t\Crashpad\settings.dat: The system cannot find the path specified. (0x3)
[1223/101930.218:ERROR:file_io_win.cc(171)] CreateFile C:\Users\UMFFAM~1\AppData\Local\Temp\puppeteer_dev_chrome_profile-s3999t\Crashpad\reports\1a0985ab-f105-4e54-a2c4-24d30aecfdcb.dmp: The system cannot find the path specified. (0x3)
[1223/101930.218:ERROR:crash_report_exception_handler.cc(99)] PrepareNewCrashReport failed
[1223/102019.170:ERROR:file_io_win.cc(162)] CreateFile C:\Users\UMFFAM~1\AppData\Local\Temp\puppeteer_dev_chrome_profile-wFIyut\Crashpad\settings.dat: The system cannot find the path specified. (0x3)
[1223/102019.171:ERROR:file_io_win.cc(171)] CreateFile C:\Users\UMFFAM~1\AppData\Local\Temp\puppeteer_dev_chrome_profile-wFIyut\Crashpad\reports\869771ea-8629-435e-a4b5-9cb6b4a7d3a3.dmp: The system cannot find the path specified. (0x3)
[1223/102019.171:ERROR:crash_report_exception_handler.cc(99)] PrepareNewCrashReport failed
[1223/102121.297:ERROR:process_reader_win.cc(151)] SuspendThread: Access is denied. (0x5)
[1223/102121.302:ERROR:file_io_win.cc(162)] CreateFile C:\Users\UMFFAM~1\AppData\Local\Temp\puppeteer_dev_chrome_profile-dWzYgp\Crashpad\settings.dat: The system cannot find the path specified. (0x3)
[1223/102121.303:ERROR:file_io_win.cc(171)] CreateFile C:\Users\UMFFAM~1\AppData\Local\Temp\puppeteer_dev_chrome_profile-dWzYgp\Crashpad\reports\3176c213-e6e6-4d0e-a02f-06f9f2768ed5.dmp: The system cannot find the path specified. (0x3)
[1223/102121.303:ERROR:crash_report_exception_handler.cc(99)] PrepareNewCrashReport failed
[1223/102234.513:ERROR:process_reader_win.cc(151)] SuspendThread: Access is denied. (0x5)
[1223/102234.517:ERROR:file_io_win.cc(162)] CreateFile C:\Users\UMFFAM~1\AppData\Local\Temp\puppeteer_dev_chrome_profile-qUAx3D\Crashpad\settings.dat: The system cannot find the path specified. (0x3)
[1223/102234.517:ERROR:file_io_win.cc(171)] CreateFile C:\Users\UMFFAM~1\AppData\Local\Temp\puppeteer_dev_chrome_profile-qUAx3D\Crashpad\reports\cd0cd5a9-1f73-47f1-97d1-a28547222c04.dmp: The system cannot find the path specified. (0x3)
[1223/102234.517:ERROR:crash_report_exception_handler.cc(99)] PrepareNewCrashReport failed
[1223/102341.740:ERROR:process_reader_win.cc(151)] SuspendThread: Access is denied. (0x5)
[1223/102341.749:ERROR:file_io_win.cc(162)] CreateFile C:\Users\UMFFAM~1\AppData\Local\Temp\puppeteer_dev_chrome_profile-NnmIwr\Crashpad\settings.dat: The system cannot find the path specified. (0x3)
[1223/102341.750:ERROR:file_io_win.cc(171)] CreateFile C:\Users\UMFFAM~1\AppData\Local\Temp\puppeteer_dev_chrome_profile-NnmIwr\Crashpad\reports\f6d692cf-8aac-48a1-b4aa-7ed3f451b97d.dmp: The system cannot find the path specified. (0x3)
[1223/102341.750:ERROR:crash_report_exception_handler.cc(99)] PrepareNewCrashReport failed
[1223/102426.030:ERROR:process_reader_win.cc(151)] SuspendThread: Access is denied. (0x5)
[1223/102426.035:ERROR:file_io_win.cc(162)] CreateFile C:\Users\UMFFAM~1\AppData\Local\Temp\puppeteer_dev_chrome_profile-IIEVio\Crashpad\settings.dat: The system cannot find the path specified. (0x3)
[1223/102426.035:ERROR:file_io_win.cc(171)] CreateFile C:\Users\UMFFAM~1\AppData\Local\Temp\puppeteer_dev_chrome_profile-IIEVio\Crashpad\reports\8d877b91-1195-4ac4-b0f1-2d1fde282b43.dmp: The system cannot find the path specified. (0x3)
[1223/102426.035:ERROR:crash_report_exception_handler.cc(99)] PrepareNewCrashReport failed
[1223/102507.929:ERROR:process_reader_win.cc(151)] SuspendThread: Access is denied. (0x5)
[1223/102507.934:ERROR:file_io_win.cc(162)] CreateFile C:\Users\UMFFAM~1\AppData\Local\Temp\puppeteer_dev_chrome_profile-5h1NYp\Crashpad\settings.dat: The system cannot find the path specified. (0x3)
[1223/102507.935:ERROR:file_io_win.cc(171)] CreateFile C:\Users\UMFFAM~1\AppData\Local\Temp\puppeteer_dev_chrome_profile-5h1NYp\Crashpad\reports\50e64535-7508-4796-818c-a415001d3495.dmp: The system cannot find the path specified. (0x3)
[1223/102507.935:ERROR:crash_report_exception_handler.cc(99)] PrepareNewCrashReport failed
[1223/102657.857:ERROR:file_io_win.cc(162)] CreateFile C:\Users\UMFFAM~1\AppData\Local\Temp\puppeteer_dev_chrome_profile-Tp18s1\Crashpad\settings.dat: The system cannot find the path specified. (0x3)
[1223/102657.858:ERROR:file_io_win.cc(171)] CreateFile C:\Users\UMFFAM~1\AppData\Local\Temp\puppeteer_dev_chrome_profile-Tp18s1\Crashpad\reports\53f8445a-02de-4b20-81ee-bf882345b018.dmp: The system cannot find the path specified. (0x3)
[1223/102657.858:ERROR:crash_report_exception_handler.cc(99)] PrepareNewCrashReport failed
[1223/103237.283:ERROR:process_reader_win.cc(151)] SuspendThread: Access is denied. (0x5)
[1223/103237.289:ERROR:file_io_win.cc(162)] CreateFile C:\Users\UMFFAM~1\AppData\Local\Temp\puppeteer_dev_chrome_profile-ubI5gM\Crashpad\settings.dat: The system cannot find the path specified. (0x3)
[1223/103237.294:ERROR:file_io_win.cc(171)] CreateFile C:\Users\UMFFAM~1\AppData\Local\Temp\puppeteer_dev_chrome_profile-ubI5gM\Crashpad\reports\b8d6ee8b-8be0-4cfc-adc2-33765101a125.dmp: The system cannot find the path specified. (0x3)
[1223/103237.294:ERROR:crash_report_exception_handler.cc(99)] PrepareNewCrashReport failed
[1223/104248.267:ERROR:directory_reader_win.cc(43)] FindFirstFile: The system cannot find the path specified. (0x3)
[1223/104635.857:ERROR:file_io_win.cc(162)] CreateFile C:\Users\UMFFAM~1\AppData\Local\Temp\puppeteer_dev_chrome_profile-tWifbX\Crashpad\settings.dat: The system cannot find the path specified. (0x3)
[1223/104635.858:ERROR:file_io_win.cc(171)] CreateFile C:\Users\UMFFAM~1\AppData\Local\Temp\puppeteer_dev_chrome_profile-tWifbX\Crashpad\reports\642bae6d-f8b0-47f6-82e7-3fc28c989470.dmp: The system cannot find the path specified. (0x3)
[1223/104635.858:ERROR:crash_report_exception_handler.cc(99)] PrepareNewCrashReport failed
[1223/110006.133:ERROR:process_reader_win.cc(151)] SuspendThread: Access is denied. (0x5)
[1223/110006.138:ERROR:file_io_win.cc(162)] CreateFile C:\Users\UMFFAM~1\AppData\Local\Temp\puppeteer_dev_chrome_profile-zyHAYr\Crashpad\settings.dat: The system cannot find the path specified. (0x3)
[1223/110006.138:ERROR:file_io_win.cc(171)] CreateFile C:\Users\UMFFAM~1\AppData\Local\Temp\puppeteer_dev_chrome_profile-zyHAYr\Crashpad\reports\dc2251e3-60ce-42be-94d8-c5aef78209e7.dmp: The system cannot find the path specified. (0x3)
[1223/110006.138:ERROR:crash_report_exception_handler.cc(99)] PrepareNewCrashReport failed
[1223/110006.157:ERROR:process_reader_win.cc(151)] SuspendThread: Access is denied. (0x5)
[1223/110006.161:ERROR:file_io_win.cc(162)] CreateFile C:\Users\UMFFAM~1\AppData\Local\Temp\puppeteer_dev_chrome_profile-zyHAYr\Crashpad\settings.dat: The system cannot find the path specified. (0x3)
[1223/110006.161:ERROR:file_io_win.cc(171)] CreateFile C:\Users\UMFFAM~1\AppData\Local\Temp\puppeteer_dev_chrome_profile-zyHAYr\Crashpad\reports\0a7cb33d-21ef-4f42-93dd-f1de1319ec74.dmp: The system cannot find the path specified. (0x3)
[1223/110006.161:ERROR:crash_report_exception_handler.cc(99)] PrepareNewCrashReport failed
[1223/110145.344:ERROR:process_reader_win.cc(151)] SuspendThread: Access is denied. (0x5)
[1223/110145.349:ERROR:file_io_win.cc(162)] CreateFile C:\Users\UMFFAM~1\AppData\Local\Temp\puppeteer_dev_chrome_profile-J9ax0e\Crashpad\settings.dat: The system cannot find the path specified. (0x3)
[1223/110145.349:ERROR:file_io_win.cc(171)] CreateFile C:\Users\UMFFAM~1\AppData\Local\Temp\puppeteer_dev_chrome_profile-J9ax0e\Crashpad\reports\342d5e7b-42a9-4877-8901-316d8bef0b06.dmp: The system cannot find the path specified. (0x3)
[1223/110145.349:ERROR:crash_report_exception_handler.cc(99)] PrepareNewCrashReport failed
[1223/110239.836:ERROR:process_reader_win.cc(151)] SuspendThread: Access is denied. (0x5)
[1223/110239.841:ERROR:file_io_win.cc(162)] CreateFile C:\Users\UMFFAM~1\AppData\Local\Temp\puppeteer_dev_chrome_profile-3lE2YX\Crashpad\settings.dat: The system cannot find the path specified. (0x3)
[1223/110239.841:ERROR:file_io_win.cc(171)] CreateFile C:\Users\UMFFAM~1\AppData\Local\Temp\puppeteer_dev_chrome_profile-3lE2YX\Crashpad\reports\d5b18dcc-3b33-449f-a196-28c66954b8dc.dmp: The system cannot find the path specified. (0x3)
[1223/110239.841:ERROR:crash_report_exception_handler.cc(99)] PrepareNewCrashReport failed
[1223/110400.157:ERROR:process_reader_win.cc(151)] SuspendThread: Access is denied. (0x5)
[1223/110400.163:ERROR:file_io_win.cc(162)] CreateFile C:\Users\UMFFAM~1\AppData\Local\Temp\puppeteer_dev_chrome_profile-GVWvHd\Crashpad\settings.dat: The system cannot find the path specified. (0x3)
[1223/110400.163:ERROR:file_io_win.cc(171)] CreateFile C:\Users\UMFFAM~1\AppData\Local\Temp\puppeteer_dev_chrome_profile-GVWvHd\Crashpad\reports\3da60a10-54cf-465f-9b1a-14f0d8f24e4c.dmp: The system cannot find the path specified. (0x3)
[1223/110400.163:ERROR:crash_report_exception_handler.cc(99)] PrepareNewCrashReport failed
[1223/110453.676:ERROR:process_reader_win.cc(151)] SuspendThread: Access is denied. (0x5)
[1223/110453.682:ERROR:file_io_win.cc(162)] CreateFile C:\Users\UMFFAM~1\AppData\Local\Temp\puppeteer_dev_chrome_profile-dNYJvs\Crashpad\settings.dat: The system cannot find the path specified. (0x3)
[1223/110453.683:ERROR:file_io_win.cc(171)] CreateFile C:\Users\UMFFAM~1\AppData\Local\Temp\puppeteer_dev_chrome_profile-dNYJvs\Crashpad\reports\adf6c8d4-d5e3-499b-934e-1d2b392a50ac.dmp: The system cannot find the path specified. (0x3)
[1223/110453.683:ERROR:crash_report_exception_handler.cc(99)] PrepareNewCrashReport failed
[1223/110546.813:ERROR:process_reader_win.cc(151)] SuspendThread: Access is denied. (0x5)
[1223/110546.818:ERROR:file_io_win.cc(162)] CreateFile C:\Users\UMFFAM~1\AppData\Local\Temp\puppeteer_dev_chrome_profile-zELJIe\Crashpad\settings.dat: The system cannot find the path specified. (0x3)
[1223/110546.818:ERROR:file_io_win.cc(171)] CreateFile C:\Users\UMFFAM~1\AppData\Local\Temp\puppeteer_dev_chrome_profile-zELJIe\Crashpad\reports\5aecacb8-8880-4cbd-9bb2-8c38cbf5def6.dmp: The system cannot find the path specified. (0x3)
[1223/110546.818:ERROR:crash_report_exception_handler.cc(99)] PrepareNewCrashReport failed
[1223/111616.132:ERROR:directory_reader_win.cc(43)] FindFirstFile: The system cannot find the path specified. (0x3)
[1223/112020.993:ERROR:process_reader_win.cc(151)] SuspendThread: Access is denied. (0x5)
[1223/112020.999:ERROR:file_io_win.cc(162)] CreateFile C:\Users\UMFFAM~1\AppData\Local\Temp\puppeteer_dev_chrome_profile-qhVqUJ\Crashpad\settings.dat: The system cannot find the path specified. (0x3)
[1223/112020.999:ERROR:file_io_win.cc(171)] CreateFile C:\Users\UMFFAM~1\AppData\Local\Temp\puppeteer_dev_chrome_profile-qhVqUJ\Crashpad\reports\28ba93bf-0a19-4f2e-a7c1-b6f9acd61722.dmp: The system cannot find the path specified. (0x3)
[1223/112020.999:ERROR:crash_report_exception_handler.cc(99)] PrepareNewCrashReport failed
[1223/204438.405:ERROR:process_reader_win.cc(151)] SuspendThread: Access is denied. (0x5)
[1223/204438.411:ERROR:file_io_win.cc(162)] CreateFile C:\Users\UMFFAM~1\AppData\Local\Temp\puppeteer_dev_chrome_profile-ZDPlFn\Crashpad\settings.dat: The system cannot find the path specified. (0x3)
[1223/204438.411:ERROR:file_io_win.cc(171)] CreateFile C:\Users\UMFFAM~1\AppData\Local\Temp\puppeteer_dev_chrome_profile-ZDPlFn\Crashpad\reports\91d6b972-7576-4366-87b7-da3c0111b899.dmp: The system cannot find the path specified. (0x3)
[1223/204438.411:ERROR:crash_report_exception_handler.cc(99)] PrepareNewCrashReport failed
[1223/205207.229:ERROR:process_reader_win.cc(151)] SuspendThread: Access is denied. (0x5)
[1223/205207.237:ERROR:file_io_win.cc(162)] CreateFile C:\Users\UMFFAM~1\AppData\Local\Temp\puppeteer_dev_chrome_profile-7M817K\Crashpad\settings.dat: The system cannot find the path specified. (0x3)
[1223/205207.238:ERROR:file_io_win.cc(171)] CreateFile C:\Users\UMFFAM~1\AppData\Local\Temp\puppeteer_dev_chrome_profile-7M817K\Crashpad\reports\adbc9352-1ae3-440a-a2b3-3c6a44b4c8a6.dmp: The system cannot find the path specified. (0x3)
[1223/205207.238:ERROR:crash_report_exception_handler.cc(99)] PrepareNewCrashReport failed
[1223/210206.528:ERROR:directory_reader_win.cc(43)] FindFirstFile: The system cannot find the path specified. (0x3)
[1223/210325.668:ERROR:file_io_win.cc(162)] CreateFile C:\Users\UMFFAM~1\AppData\Local\Temp\puppeteer_dev_chrome_profile-kydN2k\Crashpad\settings.dat: The system cannot find the path specified. (0x3)
[1223/210325.668:ERROR:file_io_win.cc(171)] CreateFile C:\Users\UMFFAM~1\AppData\Local\Temp\puppeteer_dev_chrome_profile-kydN2k\Crashpad\reports\ce8d6bf9-0fae-433b-9eb4-ce04f6a234d0.dmp: The system cannot find the path specified. (0x3)
[1223/210325.668:ERROR:crash_report_exception_handler.cc(99)] PrepareNewCrashReport failed
[1223/210434.426:ERROR:process_reader_win.cc(151)] SuspendThread: Access is denied. (0x5)
[1223/210434.431:ERROR:file_io_win.cc(162)] CreateFile C:\Users\UMFFAM~1\AppData\Local\Temp\puppeteer_dev_chrome_profile-smfre5\Crashpad\settings.dat: The system cannot find the path specified. (0x3)
[1223/210434.431:ERROR:file_io_win.cc(171)] CreateFile C:\Users\UMFFAM~1\AppData\Local\Temp\puppeteer_dev_chrome_profile-smfre5\Crashpad\reports\5b8a9769-687c-4023-8c8f-8e79ea473722.dmp: The system cannot find the path specified. (0x3)
[1223/210434.432:ERROR:crash_report_exception_handler.cc(99)] PrepareNewCrashReport failed
[1223/211702.433:ERROR:directory_reader_win.cc(43)] FindFirstFile: The system cannot find the path specified. (0x3)
[1223/211704.714:ERROR:filesystem_win.cc(129)] GetFileAttributes C:\Users\UMFFAM~1\AppData\Local\Temp\puppeteer_dev_chrome_profile-HZs4gZ\Crashpad\attachments\b4f3a763-0ee9-41bf-a7ed-da1ce3865947: The system cannot find the path specified. (0x3)
[1223/211705.625:ERROR:process_reader_win.cc(151)] SuspendThread: Access is denied. (0x5)
[1223/213003.051:ERROR:process_reader_win.cc(151)] SuspendThread: Access is denied. (0x5)
[1223/213003.056:ERROR:file_io_win.cc(162)] CreateFile C:\Users\UMFFAM~1\AppData\Local\Temp\puppeteer_dev_chrome_profile-tUXJA7\Crashpad\settings.dat: The system cannot find the path specified. (0x3)
[1223/213003.057:ERROR:file_io_win.cc(171)] CreateFile C:\Users\UMFFAM~1\AppData\Local\Temp\puppeteer_dev_chrome_profile-tUXJA7\Crashpad\reports\5a077bd7-c0b2-4add-99e1-09c37b6c061a.dmp: The system cannot find the path specified. (0x3)
[1223/213003.057:ERROR:crash_report_exception_handler.cc(99)] PrepareNewCrashReport failed
[1223/213057.069:ERROR:process_reader_win.cc(151)] SuspendThread: Access is denied. (0x5)
[1223/213057.074:ERROR:file_io_win.cc(162)] CreateFile C:\Users\UMFFAM~1\AppData\Local\Temp\puppeteer_dev_chrome_profile-7gMx7Y\Crashpad\settings.dat: The system cannot find the path specified. (0x3)
[1223/213057.074:ERROR:file_io_win.cc(171)] CreateFile C:\Users\UMFFAM~1\AppData\Local\Temp\puppeteer_dev_chrome_profile-7gMx7Y\Crashpad\reports\2d1cb5f1-4c28-49f0-8117-2a7716442bb1.dmp: The system cannot find the path specified. (0x3)
[1223/213057.074:ERROR:crash_report_exception_handler.cc(99)] PrepareNewCrashReport failed
[1223/214106.344:ERROR:directory_reader_win.cc(43)] FindFirstFile: The system cannot find the path specified. (0x3)
[1223/214200.886:ERROR:process_reader_win.cc(151)] SuspendThread: Access is denied. (0x5)
[1223/214200.890:ERROR:file_io_win.cc(162)] CreateFile C:\Users\UMFFAM~1\AppData\Local\Temp\puppeteer_dev_chrome_profile-exDFlb\Crashpad\settings.dat: The system cannot find the path specified. (0x3)
[1223/214200.890:ERROR:file_io_win.cc(171)] CreateFile C:\Users\UMFFAM~1\AppData\Local\Temp\puppeteer_dev_chrome_profile-exDFlb\Crashpad\reports\d844a240-b80c-43a8-a9cc-b5db11aeb72a.dmp: The system cannot find the path specified. (0x3)
[1223/214200.890:ERROR:crash_report_exception_handler.cc(99)] PrepareNewCrashReport failed
[1223/214920.708:ERROR:file_io_win.cc(162)] CreateFile C:\Users\UMFFAM~1\AppData\Local\Temp\puppeteer_dev_chrome_profile-AawQbL\Crashpad\settings.dat: The system cannot find the path specified. (0x3)
[1223/214920.708:ERROR:file_io_win.cc(171)] CreateFile C:\Users\UMFFAM~1\AppData\Local\Temp\puppeteer_dev_chrome_profile-AawQbL\Crashpad\reports\25a118b9-9173-401e-93af-ae4d265abde1.dmp: The system cannot find the path specified. (0x3)
[1223/214920.709:ERROR:crash_report_exception_handler.cc(99)] PrepareNewCrashReport failed
[1223/215105.880:ERROR:process_reader_win.cc(151)] SuspendThread: Access is denied. (0x5)
[1223/215105.887:ERROR:file_io_win.cc(162)] CreateFile C:\Users\UMFFAM~1\AppData\Local\Temp\puppeteer_dev_chrome_profile-s6oem5\Crashpad\settings.dat: The system cannot find the path specified. (0x3)
[1223/215105.887:ERROR:file_io_win.cc(171)] CreateFile C:\Users\UMFFAM~1\AppData\Local\Temp\puppeteer_dev_chrome_profile-s6oem5\Crashpad\reports\9793ac92-ba6b-493b-aab9-392fb2218815.dmp: The system cannot find the path specified. (0x3)
[1223/215105.887:ERROR:crash_report_exception_handler.cc(99)] PrepareNewCrashReport failed
[1223/215223.730:ERROR:process_reader_win.cc(151)] SuspendThread: Access is denied. (0x5)
[1223/215223.735:ERROR:file_io_win.cc(162)] CreateFile C:\Users\UMFFAM~1\AppData\Local\Temp\puppeteer_dev_chrome_profile-shiFe4\Crashpad\settings.dat: The system cannot find the path specified. (0x3)
[1223/215223.735:ERROR:file_io_win.cc(171)] CreateFile C:\Users\UMFFAM~1\AppData\Local\Temp\puppeteer_dev_chrome_profile-shiFe4\Crashpad\reports\b647e077-1a97-4dfb-a5ac-3e505b8d83d1.dmp: The system cannot find the path specified. (0x3)
[1223/215223.735:ERROR:crash_report_exception_handler.cc(99)] PrepareNewCrashReport failed
[1223/215306.440:ERROR:file_io_win.cc(162)] CreateFile C:\Users\UMFFAM~1\AppData\Local\Temp\puppeteer_dev_chrome_profile-AtsLCN\Crashpad\settings.dat: The system cannot find the path specified. (0x3)
[1223/215306.441:ERROR:file_io_win.cc(171)] CreateFile C:\Users\UMFFAM~1\AppData\Local\Temp\puppeteer_dev_chrome_profile-AtsLCN\Crashpad\reports\c2154e26-3f83-4d11-b886-bd87277f793c.dmp: The system cannot find the path specified. (0x3)
[1223/215306.441:ERROR:crash_report_exception_handler.cc(99)] PrepareNewCrashReport failed
[1223/220139.758:ERROR:process_reader_win.cc(151)] SuspendThread: Access is denied. (0x5)
[1223/220139.764:ERROR:file_io_win.cc(162)] CreateFile C:\Users\UMFFAM~1\AppData\Local\Temp\puppeteer_dev_chrome_profile-D5l2rp\Crashpad\settings.dat: The system cannot find the path specified. (0x3)
[1223/220139.764:ERROR:file_io_win.cc(171)] CreateFile C:\Users\UMFFAM~1\AppData\Local\Temp\puppeteer_dev_chrome_profile-D5l2rp\Crashpad\reports\544def48-584a-42b6-9b05-65b6be01c560.dmp: The system cannot find the path specified. (0x3)
[1223/220139.764:ERROR:crash_report_exception_handler.cc(99)] PrepareNewCrashReport failed
[1223/221305.777:ERROR:directory_reader_win.cc(43)] FindFirstFile: The system cannot find the path specified. (0x3)
[1223/221555.227:ERROR:process_reader_win.cc(151)] SuspendThread: Access is denied. (0x5)
[1223/221555.232:ERROR:file_io_win.cc(162)] CreateFile C:\Users\UMFFAM~1\AppData\Local\Temp\puppeteer_dev_chrome_profile-0UQD7n\Crashpad\settings.dat: The system cannot find the path specified. (0x3)
[1223/221555.232:ERROR:file_io_win.cc(171)] CreateFile C:\Users\UMFFAM~1\AppData\Local\Temp\puppeteer_dev_chrome_profile-0UQD7n\Crashpad\reports\c044481c-b0b7-4783-898d-8cecf30e37ca.dmp: The system cannot find the path specified. (0x3)
[1223/221555.232:ERROR:crash_report_exception_handler.cc(99)] PrepareNewCrashReport failed
[1223/221749.906:ERROR:file_io_win.cc(162)] CreateFile C:\Users\UMFFAM~1\AppData\Local\Temp\puppeteer_dev_chrome_profile-c0MJtB\Crashpad\settings.dat: The system cannot find the path specified. (0x3)
[1223/221749.907:ERROR:file_io_win.cc(171)] CreateFile C:\Users\UMFFAM~1\AppData\Local\Temp\puppeteer_dev_chrome_profile-c0MJtB\Crashpad\reports\e50092c2-e9cb-490e-9773-486e73061c6d.dmp: The system cannot find the path specified. (0x3)
[1223/221749.907:ERROR:crash_report_exception_handler.cc(99)] PrepareNewCrashReport failed
[1223/222021.415:ERROR:process_reader_win.cc(151)] SuspendThread: Access is denied. (0x5)
[1223/222021.420:ERROR:file_io_win.cc(162)] CreateFile C:\Users\UMFFAM~1\AppData\Local\Temp\puppeteer_dev_chrome_profile-rbsUGZ\Crashpad\settings.dat: The system cannot find the path specified. (0x3)
[1223/222021.420:ERROR:file_io_win.cc(171)] CreateFile C:\Users\UMFFAM~1\AppData\Local\Temp\puppeteer_dev_chrome_profile-rbsUGZ\Crashpad\reports\e39a72d0-02c6-4354-9541-078a38487a48.dmp: The system cannot find the path specified. (0x3)
[1223/222021.420:ERROR:crash_report_exception_handler.cc(99)] PrepareNewCrashReport failed
[1223/222140.749:ERROR:process_reader_win.cc(151)] SuspendThread: Access is denied. (0x5)
[1223/222140.754:ERROR:file_io_win.cc(162)] CreateFile C:\Users\UMFFAM~1\AppData\Local\Temp\puppeteer_dev_chrome_profile-bzJxuL\Crashpad\settings.dat: The system cannot find the path specified. (0x3)
[1223/222140.754:ERROR:file_io_win.cc(171)] CreateFile C:\Users\UMFFAM~1\AppData\Local\Temp\puppeteer_dev_chrome_profile-bzJxuL\Crashpad\reports\e121dc0a-6de1-4c87-9ab6-87452c439c67.dmp: The system cannot find the path specified. (0x3)
[1223/222140.754:ERROR:crash_report_exception_handler.cc(99)] PrepareNewCrashReport failed
[1223/222428.108:ERROR:process_reader_win.cc(151)] SuspendThread: Access is denied. (0x5)
[1223/222428.112:ERROR:file_io_win.cc(162)] CreateFile C:\Users\UMFFAM~1\AppData\Local\Temp\puppeteer_dev_chrome_profile-yYjy4w\Crashpad\settings.dat: The system cannot find the path specified. (0x3)
[1223/222428.112:ERROR:file_io_win.cc(171)] CreateFile C:\Users\UMFFAM~1\AppData\Local\Temp\puppeteer_dev_chrome_profile-yYjy4w\Crashpad\reports\fa109323-fe25-4226-ab64-d041ba234583.dmp: The system cannot find the path specified. (0x3)
[1223/222428.113:ERROR:crash_report_exception_handler.cc(99)] PrepareNewCrashReport failed
[1223/223331.533:ERROR:process_reader_win.cc(151)] SuspendThread: Access is denied. (0x5)
[1223/223331.538:ERROR:file_io_win.cc(162)] CreateFile C:\Users\UMFFAM~1\AppData\Local\Temp\puppeteer_dev_chrome_profile-sWL0qr\Crashpad\settings.dat: The system cannot find the path specified. (0x3)
[1223/223331.538:ERROR:file_io_win.cc(171)] CreateFile C:\Users\UMFFAM~1\AppData\Local\Temp\puppeteer_dev_chrome_profile-sWL0qr\Crashpad\reports\9173eff8-c7c3-4ef5-b37b-ce219d071222.dmp: The system cannot find the path specified. (0x3)
[1223/223331.538:ERROR:crash_report_exception_handler.cc(99)] PrepareNewCrashReport failed
[1223/224203.349:ERROR:process_info.cc(359)] UncheckedAllocate
[1223/224203.406:ERROR:filesystem_win.cc(129)] GetFileAttributes C:\Users\UMFFAM~1\AppData\Local\Temp\puppeteer_dev_chrome_profile-jUv6Ww\Crashpad\attachments\715e5a36-14df-4ac5-9c84-ebb825fd0956: The system cannot find the path specified. (0x3)
[1223/225325.033:ERROR:directory_reader_win.cc(43)] FindFirstFile: The system cannot find the path specified. (0x3)
[1223/225719.156:ERROR:process_reader_win.cc(151)] SuspendThread: Access is denied. (0x5)
[1223/225719.161:ERROR:file_io_win.cc(162)] CreateFile C:\Users\UMFFAM~1\AppData\Local\Temp\puppeteer_dev_chrome_profile-rspnzL\Crashpad\settings.dat: The system cannot find the path specified. (0x3)
[1223/225719.161:ERROR:file_io_win.cc(171)] CreateFile C:\Users\UMFFAM~1\AppData\Local\Temp\puppeteer_dev_chrome_profile-rspnzL\Crashpad\reports\be05ffe5-e5f0-470d-96d0-997c8deba758.dmp: The system cannot find the path specified. (0x3)
[1223/225719.161:ERROR:crash_report_exception_handler.cc(99)] PrepareNewCrashReport failed
[1223/230735.063:ERROR:directory_reader_win.cc(43)] FindFirstFile: The system cannot find the path specified. (0x3)
[1224/085322.731:ERROR:process_reader_win.cc(151)] SuspendThread: Access is denied. (0x5)
[1224/085322.738:ERROR:file_io_win.cc(162)] CreateFile C:\Users\UMFFAM~1\AppData\Local\Temp\puppeteer_dev_chrome_profile-JdA4Pg\Crashpad\settings.dat: The system cannot find the path specified. (0x3)
[1224/085322.738:ERROR:file_io_win.cc(171)] CreateFile C:\Users\UMFFAM~1\AppData\Local\Temp\puppeteer_dev_chrome_profile-JdA4Pg\Crashpad\reports\3d4bb473-da58-40b9-bb76-3a1667aaa7c0.dmp: The system cannot find the path specified. (0x3)
[1224/085322.738:ERROR:crash_report_exception_handler.cc(99)] PrepareNewCrashReport failed
[1224/085836.889:ERROR:process_reader_win.cc(151)] SuspendThread: Access is denied. (0x5)
[1224/085836.894:ERROR:file_io_win.cc(162)] CreateFile C:\Users\UMFFAM~1\AppData\Local\Temp\puppeteer_dev_chrome_profile-4qsBx1\Crashpad\settings.dat: The system cannot find the path specified. (0x3)
[1224/085836.894:ERROR:file_io_win.cc(171)] CreateFile C:\Users\UMFFAM~1\AppData\Local\Temp\puppeteer_dev_chrome_profile-4qsBx1\Crashpad\reports\565c2f08-7df2-43fb-809c-a6716d86cdc6.dmp: The system cannot find the path specified. (0x3)
[1224/085836.894:ERROR:crash_report_exception_handler.cc(99)] PrepareNewCrashReport failed
[1224/090523.710:ERROR:process_reader_win.cc(151)] SuspendThread: Access is denied. (0x5)
[1224/090523.718:ERROR:file_io_win.cc(162)] CreateFile C:\Users\UMFFAM~1\AppData\Local\Temp\puppeteer_dev_chrome_profile-FkjXUi\Crashpad\settings.dat: The system cannot find the path specified. (0x3)
[1224/090523.719:ERROR:file_io_win.cc(171)] CreateFile C:\Users\UMFFAM~1\AppData\Local\Temp\puppeteer_dev_chrome_profile-FkjXUi\Crashpad\reports\5ff703a6-5bd2-441d-8045-a7ee5fdae377.dmp: The system cannot find the path specified. (0x3)
[1224/090523.719:ERROR:crash_report_exception_handler.cc(99)] PrepareNewCrashReport failed
[1224/090622.536:ERROR:file_io_win.cc(162)] CreateFile C:\Users\UMFFAM~1\AppData\Local\Temp\puppeteer_dev_chrome_profile-08pmzY\Crashpad\settings.dat: The system cannot find the path specified. (0x3)
[1224/090622.537:ERROR:file_io_win.cc(171)] CreateFile C:\Users\UMFFAM~1\AppData\Local\Temp\puppeteer_dev_chrome_profile-08pmzY\Crashpad\reports\251cb253-452b-4750-8af9-8fd0df39745f.dmp: The system cannot find the path specified. (0x3)
[1224/090622.537:ERROR:crash_report_exception_handler.cc(99)] PrepareNewCrashReport failed
[1224/091156.970:ERROR:file_io_win.cc(162)] CreateFile C:\Users\UMFFAM~1\AppData\Local\Temp\puppeteer_dev_chrome_profile-kHV1bH\Crashpad\settings.dat: The system cannot find the path specified. (0x3)
[1224/091156.972:ERROR:file_io_win.cc(171)] CreateFile C:\Users\UMFFAM~1\AppData\Local\Temp\puppeteer_dev_chrome_profile-kHV1bH\Crashpad\reports\0ff7b686-226b-49a6-b220-229ac0c5d4be.dmp: The system cannot find the path specified. (0x3)
[1224/091156.972:ERROR:crash_report_exception_handler.cc(99)] PrepareNewCrashReport failed
[1224/091322.037:ERROR:file_io_win.cc(162)] CreateFile C:\Users\UMFFAM~1\AppData\Local\Temp\puppeteer_dev_chrome_profile-69IlPn\Crashpad\settings.dat: The system cannot find the path specified. (0x3)
[1224/091322.038:ERROR:file_io_win.cc(171)] CreateFile C:\Users\UMFFAM~1\AppData\Local\Temp\puppeteer_dev_chrome_profile-69IlPn\Crashpad\reports\18d6a273-b328-4bfa-a97c-27c97cf2efea.dmp: The system cannot find the path specified. (0x3)
[1224/091322.038:ERROR:crash_report_exception_handler.cc(99)] PrepareNewCrashReport failed
[1224/091828.662:ERROR:process_reader_win.cc(151)] SuspendThread: Access is denied. (0x5)
[1224/091828.668:ERROR:file_io_win.cc(162)] CreateFile C:\Users\UMFFAM~1\AppData\Local\Temp\puppeteer_dev_chrome_profile-wfCQ8l\Crashpad\settings.dat: The system cannot find the path specified. (0x3)
[1224/091828.668:ERROR:file_io_win.cc(171)] CreateFile C:\Users\UMFFAM~1\AppData\Local\Temp\puppeteer_dev_chrome_profile-wfCQ8l\Crashpad\reports\1beec40d-6e9c-4432-9a3d-ddf2db32fee3.dmp: The system cannot find the path specified. (0x3)
[1224/091828.669:ERROR:crash_report_exception_handler.cc(99)] PrepareNewCrashReport failed
[1225/213130.048:ERROR:process_reader_win.cc(151)] SuspendThread: Access is denied. (0x5)
[1225/213130.055:ERROR:file_io_win.cc(162)] CreateFile C:\Users\UMFFAM~1\AppData\Local\Temp\puppeteer_dev_chrome_profile-8GUnUc\Crashpad\settings.dat: The system cannot find the path specified. (0x3)
[1225/213130.055:ERROR:file_io_win.cc(171)] CreateFile C:\Users\UMFFAM~1\AppData\Local\Temp\puppeteer_dev_chrome_profile-8GUnUc\Crashpad\reports\0f71d02a-0e9c-49de-a04d-92374a31224f.dmp: The system cannot find the path specified. (0x3)
[1225/213130.055:ERROR:crash_report_exception_handler.cc(99)] PrepareNewCrashReport failed
[1225/214141.605:ERROR:directory_reader_win.cc(43)] FindFirstFile: The system cannot find the path specified. (0x3)
[1225/214603.256:ERROR:process_reader_win.cc(151)] SuspendThread: Access is denied. (0x5)
[1225/214603.261:ERROR:file_io_win.cc(162)] CreateFile C:\Users\UMFFAM~1\AppData\Local\Temp\puppeteer_dev_chrome_profile-9EsXBE\Crashpad\settings.dat: The system cannot find the path specified. (0x3)
[1225/214603.261:ERROR:file_io_win.cc(171)] CreateFile C:\Users\UMFFAM~1\AppData\Local\Temp\puppeteer_dev_chrome_profile-9EsXBE\Crashpad\reports\94e7b9fa-27d2-4f24-9dff-9505e7dc5a02.dmp: The system cannot find the path specified. (0x3)
[1225/214603.261:ERROR:crash_report_exception_handler.cc(99)] PrepareNewCrashReport failed
[1225/215505.265:ERROR:process_reader_win.cc(151)] SuspendThread: Access is denied. (0x5)
[1225/215505.272:ERROR:file_io_win.cc(162)] CreateFile C:\Users\UMFFAM~1\AppData\Local\Temp\puppeteer_dev_chrome_profile-DpXtmG\Crashpad\settings.dat: The system cannot find the path specified. (0x3)
[1225/215505.272:ERROR:file_io_win.cc(171)] CreateFile C:\Users\UMFFAM~1\AppData\Local\Temp\puppeteer_dev_chrome_profile-DpXtmG\Crashpad\reports\e2d3fafb-05e1-4056-a68f-f49b975734b6.dmp: The system cannot find the path specified. (0x3)
[1225/215505.272:ERROR:crash_report_exception_handler.cc(99)] PrepareNewCrashReport failed
[1225/220536.970:ERROR:directory_reader_win.cc(43)] FindFirstFile: The system cannot find the path specified. (0x3)
[1225/221429.840:ERROR:process_info.cc(359)] UncheckedAllocate
[1225/221429.847:ERROR:process_info.cc(359)] UncheckedAllocate
[1225/221429.916:ERROR:filesystem_win.cc(129)] GetFileAttributes C:\Users\UMFFAM~1\AppData\Local\Temp\puppeteer_dev_chrome_profile-pwRT41\Crashpad\attachments\9b3f93ce-1aaa-4eca-a51b-b9c59736a6ad: The system cannot find the path specified. (0x3)
[1227/095450.925:ERROR:file_io_win.cc(162)] CreateFile C:\Users\UMFFAM~1\AppData\Local\Temp\puppeteer_dev_chrome_profile-bu6Z8k\Crashpad\settings.dat: The system cannot find the path specified. (0x3)
[1227/095450.925:ERROR:file_io_win.cc(171)] CreateFile C:\Users\UMFFAM~1\AppData\Local\Temp\puppeteer_dev_chrome_profile-bu6Z8k\Crashpad\reports\b73b7882-d2f8-4073-8017-48d93a394dea.dmp: The system cannot find the path specified. (0x3)
[1227/095450.925:ERROR:crash_report_exception_handler.cc(99)] PrepareNewCrashReport failed
[1227/100125.693:ERROR:process_reader_win.cc(151)] SuspendThread: Access is denied. (0x5)
[1227/100125.699:ERROR:file_io_win.cc(162)] CreateFile C:\Users\UMFFAM~1\AppData\Local\Temp\puppeteer_dev_chrome_profile-RxhWkN\Crashpad\settings.dat: The system cannot find the path specified. (0x3)
[1227/100125.699:ERROR:file_io_win.cc(171)] CreateFile C:\Users\UMFFAM~1\AppData\Local\Temp\puppeteer_dev_chrome_profile-RxhWkN\Crashpad\reports\d093641c-cdf3-48f4-b546-e0bc8d119b35.dmp: The system cannot find the path specified. (0x3)
[1227/100125.699:ERROR:crash_report_exception_handler.cc(99)] PrepareNewCrashReport failed
[1227/100257.915:ERROR:process_reader_win.cc(151)] SuspendThread: Access is denied. (0x5)
[1227/100257.919:ERROR:file_io_win.cc(162)] CreateFile C:\Users\UMFFAM~1\AppData\Local\Temp\puppeteer_dev_chrome_profile-ooN36q\Crashpad\settings.dat: The system cannot find the path specified. (0x3)
[1227/100257.920:ERROR:file_io_win.cc(171)] CreateFile C:\Users\UMFFAM~1\AppData\Local\Temp\puppeteer_dev_chrome_profile-ooN36q\Crashpad\reports\f9ad98fc-0c42-4b97-84c0-3caae66b3968.dmp: The system cannot find the path specified. (0x3)
[1227/100257.920:ERROR:crash_report_exception_handler.cc(99)] PrepareNewCrashReport failed
[1227/102144.081:ERROR:process_reader_win.cc(151)] SuspendThread: Access is denied. (0x5)
[1227/102144.088:ERROR:file_io_win.cc(162)] CreateFile C:\Users\UMFFAM~1\AppData\Local\Temp\puppeteer_dev_chrome_profile-J2Kkln\Crashpad\settings.dat: The system cannot find the path specified. (0x3)
[1227/102144.088:ERROR:file_io_win.cc(171)] CreateFile C:\Users\UMFFAM~1\AppData\Local\Temp\puppeteer_dev_chrome_profile-J2Kkln\Crashpad\reports\f34f94fb-6eb7-41e0-8cd6-da483bd793aa.dmp: The system cannot find the path specified. (0x3)
[1227/102144.088:ERROR:crash_report_exception_handler.cc(99)] PrepareNewCrashReport failed
[1227/102431.377:ERROR:process_reader_win.cc(151)] SuspendThread: Access is denied. (0x5)
[1227/102431.382:ERROR:file_io_win.cc(162)] CreateFile C:\Users\UMFFAM~1\AppData\Local\Temp\puppeteer_dev_chrome_profile-axR7Eq\Crashpad\settings.dat: The system cannot find the path specified. (0x3)
[1227/102431.382:ERROR:file_io_win.cc(171)] CreateFile C:\Users\UMFFAM~1\AppData\Local\Temp\puppeteer_dev_chrome_profile-axR7Eq\Crashpad\reports\c91d3994-c56e-4320-9204-ab375f50c667.dmp: The system cannot find the path specified. (0x3)
[1227/102431.382:ERROR:crash_report_exception_handler.cc(99)] PrepareNewCrashReport failed
[1227/102527.095:ERROR:file_io_win.cc(162)] CreateFile C:\Users\UMFFAM~1\AppData\Local\Temp\puppeteer_dev_chrome_profile-ebZ9UT\Crashpad\settings.dat: The system cannot find the path specified. (0x3)
[1227/102527.096:ERROR:file_io_win.cc(171)] CreateFile C:\Users\UMFFAM~1\AppData\Local\Temp\puppeteer_dev_chrome_profile-ebZ9UT\Crashpad\reports\215b6c4a-a092-4133-b888-25d1ea904f89.dmp: The system cannot find the path specified. (0x3)
[1227/102527.097:ERROR:crash_report_exception_handler.cc(99)] PrepareNewCrashReport failed
[1227/102621.574:ERROR:process_reader_win.cc(151)] SuspendThread: Access is denied. (0x5)
[1227/102621.579:ERROR:file_io_win.cc(162)] CreateFile C:\Users\UMFFAM~1\AppData\Local\Temp\puppeteer_dev_chrome_profile-9rP2rd\Crashpad\settings.dat: The system cannot find the path specified. (0x3)
[1227/102621.580:ERROR:file_io_win.cc(171)] CreateFile C:\Users\UMFFAM~1\AppData\Local\Temp\puppeteer_dev_chrome_profile-9rP2rd\Crashpad\reports\74743b97-6707-44d9-b5f4-8eb77868b32b.dmp: The system cannot find the path specified. (0x3)
[1227/102621.580:ERROR:crash_report_exception_handler.cc(99)] PrepareNewCrashReport failed
[1227/102913.396:ERROR:process_reader_win.cc(151)] SuspendThread: Access is denied. (0x5)
[1227/102913.401:ERROR:file_io_win.cc(162)] CreateFile C:\Users\UMFFAM~1\AppData\Local\Temp\puppeteer_dev_chrome_profile-8AR8Re\Crashpad\settings.dat: The system cannot find the path specified. (0x3)
[1227/102913.401:ERROR:file_io_win.cc(171)] CreateFile C:\Users\UMFFAM~1\AppData\Local\Temp\puppeteer_dev_chrome_profile-8AR8Re\Crashpad\reports\229570ae-1e8f-4139-ba63-d5584451331e.dmp: The system cannot find the path specified. (0x3)
[1227/102913.401:ERROR:crash_report_exception_handler.cc(99)] PrepareNewCrashReport failed
[1227/103228.750:ERROR:file_io_win.cc(162)] CreateFile C:\Users\UMFFAM~1\AppData\Local\Temp\puppeteer_dev_chrome_profile-L7NRKH\Crashpad\settings.dat: The system cannot find the path specified. (0x3)
[1227/103228.751:ERROR:file_io_win.cc(171)] CreateFile C:\Users\UMFFAM~1\AppData\Local\Temp\puppeteer_dev_chrome_profile-L7NRKH\Crashpad\reports\61cbfc1f-7460-4a36-b41e-65911206672b.dmp: The system cannot find the path specified. (0x3)
[1227/103228.751:ERROR:crash_report_exception_handler.cc(99)] PrepareNewCrashReport failed
[1227/103429.920:ERROR:process_reader_win.cc(151)] SuspendThread: Access is denied. (0x5)
[1227/103429.924:ERROR:file_io_win.cc(162)] CreateFile C:\Users\UMFFAM~1\AppData\Local\Temp\puppeteer_dev_chrome_profile-N9fS0j\Crashpad\settings.dat: The system cannot find the path specified. (0x3)
[1227/103429.924:ERROR:file_io_win.cc(171)] CreateFile C:\Users\UMFFAM~1\AppData\Local\Temp\puppeteer_dev_chrome_profile-N9fS0j\Crashpad\reports\243b20c1-04be-4885-b0ef-95b513436b09.dmp: The system cannot find the path specified. (0x3)
[1227/103429.924:ERROR:crash_report_exception_handler.cc(99)] PrepareNewCrashReport failed
[0107/212838.533:ERROR:process_reader_win.cc(151)] SuspendThread: Access is denied. (0x5)
[0107/212838.540:ERROR:file_io_win.cc(162)] CreateFile C:\Users\UMFFAM~1\AppData\Local\Temp\puppeteer_dev_chrome_profile-8hkUua\Crashpad\settings.dat: The system cannot find the path specified. (0x3)
[0107/212838.540:ERROR:file_io_win.cc(171)] CreateFile C:\Users\UMFFAM~1\AppData\Local\Temp\puppeteer_dev_chrome_profile-8hkUua\Crashpad\reports\acbc3e42-530b-427d-9b4d-c5092f387249.dmp: The system cannot find the path specified. (0x3)
[0107/212838.540:ERROR:crash_report_exception_handler.cc(99)] PrepareNewCrashReport failed
[0108/141014.210:ERROR:process_reader_win.cc(151)] SuspendThread: Access is denied. (0x5)
[0108/141014.218:ERROR:file_io_win.cc(162)] CreateFile C:\Users\UMFFAM~1\AppData\Local\Temp\puppeteer_dev_chrome_profile-W9DA6Y\Crashpad\settings.dat: The system cannot find the path specified. (0x3)
[0108/141014.218:ERROR:file_io_win.cc(171)] CreateFile C:\Users\UMFFAM~1\AppData\Local\Temp\puppeteer_dev_chrome_profile-W9DA6Y\Crashpad\reports\8dfe76ed-dbbe-41c5-9586-24071b7be945.dmp: The system cannot find the path specified. (0x3)
[0108/141014.218:ERROR:crash_report_exception_handler.cc(99)] PrepareNewCrashReport failed
[0108/141039.995:ERROR:file_io_win.cc(162)] CreateFile C:\Users\UMFFAM~1\AppData\Local\Temp\puppeteer_dev_chrome_profile-Qh8pcP\Crashpad\settings.dat: The system cannot find the path specified. (0x3)
[0108/141039.996:ERROR:file_io_win.cc(171)] CreateFile C:\Users\UMFFAM~1\AppData\Local\Temp\puppeteer_dev_chrome_profile-Qh8pcP\Crashpad\reports\b8f80f56-a6a9-41e6-b010-383a9ae628fe.dmp: The system cannot find the path specified. (0x3)
[0108/141039.996:ERROR:crash_report_exception_handler.cc(99)] PrepareNewCrashReport failed
[0108/141228.665:ERROR:process_reader_win.cc(151)] SuspendThread: Access is denied. (0x5)
[0108/141228.670:ERROR:file_io_win.cc(162)] CreateFile C:\Users\UMFFAM~1\AppData\Local\Temp\puppeteer_dev_chrome_profile-RBi2R8\Crashpad\settings.dat: The system cannot find the path specified. (0x3)
[0108/141228.671:ERROR:file_io_win.cc(171)] CreateFile C:\Users\UMFFAM~1\AppData\Local\Temp\puppeteer_dev_chrome_profile-RBi2R8\Crashpad\reports\4411135e-d3fb-47ff-8107-dd4259d4f44f.dmp: The system cannot find the path specified. (0x3)
[0108/141228.671:ERROR:crash_report_exception_handler.cc(99)] PrepareNewCrashReport failed
